<?xml version="1.0" encoding="UTF-8"?>
<!-- Generated by org.testng.reporters.JUnitXMLReporter -->
<testsuite ignored="0" hostname="LAPTOP-FUN2M76R" failures="0" tests="5" name="Default test" time="0.107" errors="0" timestamp="2025-03-23T15:21:39 IST">
  <testcase classname="test.Interactions_Test" name="@BeforeTest launcher" time="-1.742723499288E9">
    <failure type="org.testng.TestNGException" message="
Parameter &amp;apos;browser&amp;apos; is required by BeforeTest on method launcher but has not been marked @Optional or defined
in C:\Users\PHIROZ KHAN\AppData\Local\Temp\testng-eclipse-2072678092\testng-customsuite.xml">
      <![CDATA[org.testng.TestNGException: 
Parameter 'browser' is required by BeforeTest on method launcher but has not been marked @Optional or defined
in C:\Users\PHIROZ KHAN\AppData\Local\Temp\testng-eclipse-2072678092\testng-customsuite.xml
at org.testng.internal.Parameters.createParams(Parameters.java:270)
at org.testng.internal.Parameters.createParametersForMethod(Parameters.java:358)
at org.testng.internal.Parameters.createParameters(Parameters.java:700)
at org.testng.internal.Parameters.createConfigurationParameters(Parameters.java:168)
at org.testng.internal.ConfigInvoker.invokeConfigurations(ConfigInvoker.java:302)
at org.testng.TestRunner.invokeTestConfigurations(TestRunner.java:637)
at org.testng.TestRunner.beforeRun(TestRunner.java:627)
at org.testng.TestRunner.run(TestRunner.java:589)
at org.testng.SuiteRunner.runTest(SuiteRunner.java:377)
at org.testng.SuiteRunner.runSequentially(SuiteRunner.java:371)
at org.testng.SuiteRunner.privateRun(SuiteRunner.java:332)
at org.testng.SuiteRunner.run(SuiteRunner.java:276)
at org.testng.SuiteRunnerWorker.runSuite(SuiteRunnerWorker.java:53)
at org.testng.SuiteRunnerWorker.run(SuiteRunnerWorker.java:96)
at org.testng.TestNG.runSuitesSequentially(TestNG.java:1212)
at org.testng.TestNG.runSuitesLocally(TestNG.java:1134)
at org.testng.TestNG.runSuites(TestNG.java:1063)
at org.testng.TestNG.run(TestNG.java:1031)
at org.testng.remote.AbstractRemoteTestNG.run(AbstractRemoteTestNG.java:115)
at org.testng.remote.RemoteTestNG.initAndRun(RemoteTestNG.java:293)
at org.testng.remote.RemoteTestNG.main(RemoteTestNG.java:91)
]]>
    </failure>
  </testcase> <!-- @BeforeTest launcher -->
  <testcase classname="test.Interactions_Test" name="clickAtClose" time="0.0">
    <skipped/>
  </testcase> <!-- clickAtClose -->
  <testcase classname="test.Interactions_Test" name="clickAtPractice" time="0.0">
    <skipped/>
  </testcase> <!-- clickAtPractice -->
  <testcase classname="test.Interactions_Test" name="clickAtInteractions" time="0.0">
    <skipped/>
  </testcase> <!-- clickAtInteractions -->
  <testcase classname="test.Interactions_Test" name="clickAtDragable" time="0.0">
    <skipped/>
  </testcase> <!-- clickAtDragable -->
  <testcase classname="test.Interactions_Test" name="clickAtDragablePoint" time="0.0">
    <skipped/>
  </testcase> <!-- clickAtDragablePoint -->
</testsuite> <!-- Default test -->
